<?xml version="1.0" encoding="UTF-8"?>
<Site BuildName="Linux-g++"
	BuildStamp="20231009-1119-Experimental"
	Name="MSI"
	Generator="ctest-3.16.3"
	CompilerName="/usr/bin/g++"
	CompilerVersion=""
	OSName="Linux"
	Hostname="MSI"
	OSRelease="5.10.102.1-microsoft-standard-WSL2"
	OSVersion="#1 SMP Wed Mar 2 00:30:59 UTC 2022"
	OSPlatform="x86_64"
	Is64Bits="1"
	VendorString="GenuineIntel"
	VendorID="Intel Corporation"
	FamilyID="6"
	ModelID="166"
	ProcessorCacheSize="12288"
	NumberOfLogicalCPU="12"
	NumberOfPhysicalCPU="6"
	TotalVirtualMemory="4096"
	TotalPhysicalMemory="12644"
	LogicalProcessorsPerPhysical="2"
	ProcessorClockFrequency="1608.01"
	>
	<Testing>
		<StartDateTime>Oct 09 17:07 MSK</StartDateTime>
		<StartTestTime>1696860441</StartTestTime>
		<TestList/>
		<EndDateTime>Oct 09 17:07 MSK</EndDateTime>
		<EndTestTime>1696860441</EndTestTime>
		<ElapsedMinutes>0</ElapsedMinutes>
	</Testing>
</Site>
